<?xml version="1.0" encoding="UTF-8"?>
<!-- Generated by org.testng.reporters.JUnitReportReporter -->
<testsuite hostname="DESKTOP-D9FCAC4" name="org.testcase.Tc1_Registration" tests="1" failures="0" timestamp="17 Aug 2024 06:20:24 GMT" time="4.163" errors="0">
  <testcase name="tc1" time="4.163" classname="org.testcase.Tc1_Registration"/>
</testsuite> <!-- org.testcase.Tc1_Registration -->
