<?xml version="1.0" encoding="UTF-8"?>
<!-- Generated by org.testng.reporters.JUnitReportReporter -->
<testsuite hostname="DESKTOP-D9FCAC4" name="org.testcase.Tc_Registration" tests="1" failures="0" timestamp="7 Aug 2024 10:05:32 GMT" time="6.225" errors="0">
  <testcase name="tc1" time="6.225" classname="org.testcase.Tc_Registration"/>
</testsuite> <!-- org.testcase.Tc_Registration -->
