<?xml version="1.0" encoding="UTF-8"?>
<!-- Generated by org.testng.reporters.JUnitReportReporter -->
<testsuite hostname="DESKTOP-D9FCAC4" name="org.checking.Verify" tests="1" failures="0" timestamp="8 Aug 2024 04:42:36 GMT" time="0.006" errors="0">
  <testcase name="actual" time="0.006" classname="org.checking.Verify"/>
</testsuite> <!-- org.checking.Verify -->
