<?xml version="1.0" encoding="UTF-8"?>
<!-- Generated by org.testng.reporters.JUnitReportReporter -->
<testsuite hostname="DESKTOP-D9FCAC4" name="org.grouping.PaymentTest" tests="2" failures="0" timestamp="8 Aug 2024 09:40:23 GMT" time="0.010" errors="0">
  <testcase name="indMoney" time="0.001" classname="org.grouping.PaymentTest"/>
  <testcase name="dollars" time="0.009" classname="org.grouping.PaymentTest"/>
</testsuite> <!-- org.grouping.PaymentTest -->
