<?xml version="1.0" encoding="UTF-8"?>
<!-- Generated by org.testng.reporters.JUnitReportReporter -->
<testsuite hostname="DESKTOP-D9FCAC4" name="org.grouping.SignUpTest" tests="3" failures="0" timestamp="8 Aug 2024 09:40:23 GMT" time="0.001" errors="0">
  <testcase name="wha" time="0.000" classname="org.grouping.SignUpTest"/>
  <testcase name="hike" time="0.001" classname="org.grouping.SignUpTest"/>
  <testcase name="message" time="0.000" classname="org.grouping.SignUpTest"/>
</testsuite> <!-- org.grouping.SignUpTest -->
