<?xml version="1.0" encoding="UTF-8"?>
<!-- Generated by org.testng.reporters.JUnitReportReporter -->
<testsuite hostname="DESKTOP-D9FCAC4" name="org.grouping.LoginTest" tests="3" failures="0" timestamp="8 Aug 2024 09:38:49 GMT" time="0.004" errors="0">
  <testcase name="insta" time="0.001" classname="org.grouping.LoginTest"/>
  <testcase name="face" time="0.001" classname="org.grouping.LoginTest"/>
  <testcase name="goog" time="0.002" classname="org.grouping.LoginTest"/>
</testsuite> <!-- org.grouping.LoginTest -->
