<?xml version="1.0" encoding="UTF-8"?>
<!-- Generated by org.testng.reporters.JUnitReportReporter -->
<testsuite skipped="0" hostname="DESKTOP-D9FCAC4" name="org.testcase.Tc1_Registration" tests="1" failures="0" timestamp="17 Aug 2024 13:38:44 GMT" time="4.019" errors="0">
  <testcase name="tc1" time="4.019" classname="org.testcase.Tc1_Registration"/>
</testsuite> <!-- org.testcase.Tc1_Registration -->
